<?xml version="1.0" encoding="UTF-8"?>
<!-- Generated by org.testng.reporters.JUnitXMLReporter -->
<testsuite ignored="0" hostname="LAPTOP-DU0JBF3V" failures="2" tests="2" name="Test" time="3.885" errors="0" timestamp="20 Mar 2025 07:38:20 GMT">
  <testcase classname="testCases.TC_001_AccountRegistrationTest" name="verifyAccpuntRegistrer" time="0.045">
    <failure type="java.lang.NoSuchMethodError" message="&amp;apos;void org.openqa.selenium.support.PageFactory.initElements(org.openqa.selenium.WebDriver, java.lang.Object)&amp;apos;">
      <![CDATA[java.lang.NoSuchMethodError: 'void org.openqa.selenium.support.PageFactory.initElements(org.openqa.selenium.WebDriver, java.lang.Object)'
at pageObjects.BasePage.<init>(BasePage.java:14)
at pageObjects.HomePage.<init>(HomePage.java:12)
at testCases.TC_001_AccountRegistrationTest.verifyAccpuntRegistrer(TC_001_AccountRegistrationTest.java:14)
... Removed 23 stack frames]]>
    </failure>
  </testcase> <!-- verifyAccpuntRegistrer -->
  <testcase classname="testCases.TC_001_AccountRegistrationTest" name="verifyAccpuntRegistrer" time="0.208">
    <failure type="java.lang.UnsupportedClassVersionError" message="Preview features are not enabled for com/automationExercise/testCases/BaseClass (class file version 65.65535). Try running with &amp;apos;--enable-preview&amp;apos;">
      <![CDATA[java.lang.UnsupportedClassVersionError: Preview features are not enabled for com/automationExercise/testCases/BaseClass (class file version 65.65535). Try running with '--enable-preview'
at java.base/java.lang.ClassLoader.defineClass1(Native Method)
at java.base/java.lang.ClassLoader.defineClass(ClassLoader.java:1027)
at java.base/java.security.SecureClassLoader.defineClass(SecureClassLoader.java:150)
at java.base/jdk.internal.loader.BuiltinClassLoader.defineClass(BuiltinClassLoader.java:862)
at java.base/jdk.internal.loader.BuiltinClassLoader.findClassOnClassPathOrNull(BuiltinClassLoader.java:760)
at java.base/jdk.internal.loader.BuiltinClassLoader.loadClassOrNull(BuiltinClassLoader.java:681)
at java.base/jdk.internal.loader.BuiltinClassLoader.loadClass(BuiltinClassLoader.java:639)
at java.base/jdk.internal.loader.ClassLoaders$AppClassLoader.loadClass(ClassLoaders.java:188)
at java.base/java.lang.ClassLoader.loadClass(ClassLoader.java:526)
at utilities.ExtendReportsManager.onTestFailure(ExtendReportsManager.java:80)
... Removed 22 stack frames]]>
    </failure>
  </testcase> <!-- verifyAccpuntRegistrer -->
</testsuite> <!-- Test -->
