<?xml version="1.0" encoding="UTF-8"?>
<!-- Generated by org.testng.reporters.JUnitXMLReporter -->
<testsuite ignored="5" hostname="LAPTOP-DU0JBF3V" failures="6" tests="9" name="Test(failed)" time="18.126" errors="0" timestamp="2025-01-08T12:58:24 IST">
  <testcase classname="testNG.TakeScreenshotOnFailure2" name="@AfterMethod takeScreenshot" time="0.008">
    <failure type="java.lang.NullPointerException" message="Cannot invoke &amp;quot;org.openqa.selenium.TakesScreenshot.getScreenshotAs(org.openqa.selenium.OutputType)&amp;quot; because &amp;quot;ts&amp;quot; is null">
      <![CDATA[java.lang.NullPointerException: Cannot invoke "org.openqa.selenium.TakesScreenshot.getScreenshotAs(org.openqa.selenium.OutputType)" because "ts" is null
at testNG.TakeScreenshotOnFailure1.captureScreenshot(TakeScreenshotOnFailure1.java:27)
at testNG.TakeScreenshotOnFailure2.takeScreenshot(TakeScreenshotOnFailure2.java:33)
at java.base/java.util.ArrayList.forEach(ArrayList.java:1596)
... Removed 30 stack frames]]>
    </failure>
  </testcase> <!-- @AfterMethod takeScreenshot -->
  <testcase classname="testNG.TestNG6" name="b" time="0.016">
    <failure type="java.lang.AssertionError" message="expected [true] but found [false]">
      <![CDATA[java.lang.AssertionError: expected [true] but found [false]
at testNG.TestNG6.b(TestNG6.java:18)
at java.base/java.util.ArrayList.forEach(ArrayList.java:1596)
... Removed 29 stack frames]]>
    </failure>
  </testcase> <!-- b -->
  <testcase classname="testNG.TestNG6" name="a" time="0.0"/>
  <testcase classname="testNG.TestNG6" name="c" time="0.0">
    <skipped/>
  </testcase> <!-- c -->
  <testcase classname="testNG.TestNG4" name="f" time="0.004">
    <skipped/>
  </testcase> <!-- f -->
  <testcase classname="testNG.Assertion1" name="testCase1" time="1.85">
    <failure type="org.openqa.selenium.SessionNotCreatedException" message="session not created: This version of ChromeDriver only supports Chrome version 129
Current browser version is 131.0.6778.205 with binary path C:\Users\SHUBHAM\AppData\Local\Google\Chrome\Application\chrome.exe
Build info: version: &amp;apos;3.141.59&amp;apos;, revision: &amp;apos;e82be7d358&amp;apos;, time: &amp;apos;2018-11-14T08:25:53&amp;apos;
System info: host: &amp;apos;LAPTOP-DU0JBF3V&amp;apos;, ip: &amp;apos;192.168.1.111&amp;apos;, os.name: &amp;apos;Windows 11&amp;apos;, os.arch: &amp;apos;amd64&amp;apos;, os.version: &amp;apos;10.0&amp;apos;, java.version: &amp;apos;21.0.2&amp;apos;
Driver info: driver.version: ChromeDriver
remote stacktrace: 	GetHandleVerifier [0x00007FF74F9DFDA5+29557]
	(No symbol) [0x00007FF74F952240]
	(No symbol) [0x00007FF74F80B6EA]
	(No symbol) [0x00007FF74F84DF67]
	(No symbol) [0x00007FF74F84CFFB]
	(No symbol) [0x00007FF74F847B1E]
	(No symbol) [0x00007FF74F84268E]
	(No symbol) [0x00007FF74F8932E0]
	(No symbol) [0x00007FF74F892970]
	(No symbol) [0x00007FF74F8872A3]
	(No symbol) [0x00007FF74F8512DF]
	(No symbol) [0x00007FF74F852451]
	GetHandleVerifier [0x00007FF74FD0DCBD+3363469]
	GetHandleVerifier [0x00007FF74FD59B47+3674391]
	GetHandleVerifier [0x00007FF74FD4EAEB+3629243]
	GetHandleVerifier [0x00007FF74FA9FC66+815670]
	(No symbol) [0x00007FF74F95D6EF]
	(No symbol) [0x00007FF74F9592B4]
	(No symbol) [0x00007FF74F959450]
	(No symbol) [0x00007FF74F9481FF]
	BaseThreadInitThunk [0x00007FFD04AF259D+29]
	RtlUserThreadStart [0x00007FFD062AAF38+40]
">
      <![CDATA[org.openqa.selenium.SessionNotCreatedException: session not created: This version of ChromeDriver only supports Chrome version 129
Current browser version is 131.0.6778.205 with binary path C:\Users\SHUBHAM\AppData\Local\Google\Chrome\Application\chrome.exe
Build info: version: '3.141.59', revision: 'e82be7d358', time: '2018-11-14T08:25:53'
System info: host: 'LAPTOP-DU0JBF3V', ip: '192.168.1.111', os.name: 'Windows 11', os.arch: 'amd64', os.version: '10.0', java.version: '21.0.2'
Driver info: driver.version: ChromeDriver
remote stacktrace: GetHandleVerifier [0x00007FF74F9DFDA5+29557]
(No symbol) [0x00007FF74F952240]
(No symbol) [0x00007FF74F80B6EA]
(No symbol) [0x00007FF74F84DF67]
(No symbol) [0x00007FF74F84CFFB]
(No symbol) [0x00007FF74F847B1E]
(No symbol) [0x00007FF74F84268E]
(No symbol) [0x00007FF74F8932E0]
(No symbol) [0x00007FF74F892970]
(No symbol) [0x00007FF74F8872A3]
(No symbol) [0x00007FF74F8512DF]
(No symbol) [0x00007FF74F852451]
GetHandleVerifier [0x00007FF74FD0DCBD+3363469]
GetHandleVerifier [0x00007FF74FD59B47+3674391]
GetHandleVerifier [0x00007FF74FD4EAEB+3629243]
GetHandleVerifier [0x00007FF74FA9FC66+815670]
(No symbol) [0x00007FF74F95D6EF]
(No symbol) [0x00007FF74F9592B4]
(No symbol) [0x00007FF74F959450]
(No symbol) [0x00007FF74F9481FF]
BaseThreadInitThunk [0x00007FFD04AF259D+29]
RtlUserThreadStart [0x00007FFD062AAF38+40]

at org.openqa.selenium.remote.W3CHandshakeResponse.lambda$errorHandler$0(W3CHandshakeResponse.java:62)
at org.openqa.selenium.remote.HandshakeResponse.lambda$getResponseFunction$0(HandshakeResponse.java:30)
at org.openqa.selenium.remote.ProtocolHandshake.lambda$createSession$0(ProtocolHandshake.java:126)
at java.base/java.util.stream.ReferencePipeline$3$1.accept(ReferencePipeline.java:197)
at java.base/java.util.Spliterators$ArraySpliterator.tryAdvance(Spliterators.java:1034)
at java.base/java.util.stream.ReferencePipeline.forEachWithCancel(ReferencePipeline.java:129)
at java.base/java.util.stream.AbstractPipeline.copyIntoWithCancel(AbstractPipeline.java:527)
at java.base/java.util.stream.AbstractPipeline.copyInto(AbstractPipeline.java:513)
at java.base/java.util.stream.AbstractPipeline.wrapAndCopyInto(AbstractPipeline.java:499)
at java.base/java.util.stream.FindOps$FindOp.evaluateSequential(FindOps.java:150)
at java.base/java.util.stream.AbstractPipeline.evaluate(AbstractPipeline.java:234)
at java.base/java.util.stream.ReferencePipeline.findFirst(ReferencePipeline.java:647)
at org.openqa.selenium.remote.ProtocolHandshake.createSession(ProtocolHandshake.java:128)
at org.openqa.selenium.remote.ProtocolHandshake.createSession(ProtocolHandshake.java:74)
at org.openqa.selenium.remote.HttpCommandExecutor.execute(HttpCommandExecutor.java:136)
at org.openqa.selenium.remote.service.DriverCommandExecutor.execute(DriverCommandExecutor.java:83)
at org.openqa.selenium.remote.RemoteWebDriver.execute(RemoteWebDriver.java:552)
at org.openqa.selenium.remote.RemoteWebDriver.startSession(RemoteWebDriver.java:213)
at org.openqa.selenium.remote.RemoteWebDriver.<init>(RemoteWebDriver.java:131)
at org.openqa.selenium.chrome.ChromeDriver.<init>(ChromeDriver.java:181)
at org.openqa.selenium.chrome.ChromeDriver.<init>(ChromeDriver.java:168)
at org.openqa.selenium.chrome.ChromeDriver.<init>(ChromeDriver.java:123)
at testNG.Assertion1.testCase1(Assertion1.java:19)
at java.base/java.util.ArrayList.forEach(ArrayList.java:1596)
... Removed 28 stack frames]]>
    </failure>
  </testcase> <!-- testCase1 -->
  <testcase classname="testNG.TakeScreenshotOnFailure2" name="doLoagin" time="1.097">
    <failure type="org.openqa.selenium.SessionNotCreatedException" message="session not created: This version of ChromeDriver only supports Chrome version 129
Current browser version is 131.0.6778.205 with binary path C:\Users\SHUBHAM\AppData\Local\Google\Chrome\Application\chrome.exe
Build info: version: &amp;apos;3.141.59&amp;apos;, revision: &amp;apos;e82be7d358&amp;apos;, time: &amp;apos;2018-11-14T08:25:53&amp;apos;
System info: host: &amp;apos;LAPTOP-DU0JBF3V&amp;apos;, ip: &amp;apos;192.168.1.111&amp;apos;, os.name: &amp;apos;Windows 11&amp;apos;, os.arch: &amp;apos;amd64&amp;apos;, os.version: &amp;apos;10.0&amp;apos;, java.version: &amp;apos;21.0.2&amp;apos;
Driver info: driver.version: ChromeDriver
remote stacktrace: 	GetHandleVerifier [0x00007FF74F9DFDA5+29557]
	(No symbol) [0x00007FF74F952240]
	(No symbol) [0x00007FF74F80B6EA]
	(No symbol) [0x00007FF74F84DF67]
	(No symbol) [0x00007FF74F84CFFB]
	(No symbol) [0x00007FF74F847B1E]
	(No symbol) [0x00007FF74F84268E]
	(No symbol) [0x00007FF74F8932E0]
	(No symbol) [0x00007FF74F892970]
	(No symbol) [0x00007FF74F8872A3]
	(No symbol) [0x00007FF74F8512DF]
	(No symbol) [0x00007FF74F852451]
	GetHandleVerifier [0x00007FF74FD0DCBD+3363469]
	GetHandleVerifier [0x00007FF74FD59B47+3674391]
	GetHandleVerifier [0x00007FF74FD4EAEB+3629243]
	GetHandleVerifier [0x00007FF74FA9FC66+815670]
	(No symbol) [0x00007FF74F95D6EF]
	(No symbol) [0x00007FF74F9592B4]
	(No symbol) [0x00007FF74F959450]
	(No symbol) [0x00007FF74F9481FF]
	BaseThreadInitThunk [0x00007FFD04AF259D+29]
	RtlUserThreadStart [0x00007FFD062AAF38+40]
">
      <![CDATA[org.openqa.selenium.SessionNotCreatedException: session not created: This version of ChromeDriver only supports Chrome version 129
Current browser version is 131.0.6778.205 with binary path C:\Users\SHUBHAM\AppData\Local\Google\Chrome\Application\chrome.exe
Build info: version: '3.141.59', revision: 'e82be7d358', time: '2018-11-14T08:25:53'
System info: host: 'LAPTOP-DU0JBF3V', ip: '192.168.1.111', os.name: 'Windows 11', os.arch: 'amd64', os.version: '10.0', java.version: '21.0.2'
Driver info: driver.version: ChromeDriver
remote stacktrace: GetHandleVerifier [0x00007FF74F9DFDA5+29557]
(No symbol) [0x00007FF74F952240]
(No symbol) [0x00007FF74F80B6EA]
(No symbol) [0x00007FF74F84DF67]
(No symbol) [0x00007FF74F84CFFB]
(No symbol) [0x00007FF74F847B1E]
(No symbol) [0x00007FF74F84268E]
(No symbol) [0x00007FF74F8932E0]
(No symbol) [0x00007FF74F892970]
(No symbol) [0x00007FF74F8872A3]
(No symbol) [0x00007FF74F8512DF]
(No symbol) [0x00007FF74F852451]
GetHandleVerifier [0x00007FF74FD0DCBD+3363469]
GetHandleVerifier [0x00007FF74FD59B47+3674391]
GetHandleVerifier [0x00007FF74FD4EAEB+3629243]
GetHandleVerifier [0x00007FF74FA9FC66+815670]
(No symbol) [0x00007FF74F95D6EF]
(No symbol) [0x00007FF74F9592B4]
(No symbol) [0x00007FF74F959450]
(No symbol) [0x00007FF74F9481FF]
BaseThreadInitThunk [0x00007FFD04AF259D+29]
RtlUserThreadStart [0x00007FFD062AAF38+40]

at org.openqa.selenium.remote.W3CHandshakeResponse.lambda$errorHandler$0(W3CHandshakeResponse.java:62)
at org.openqa.selenium.remote.HandshakeResponse.lambda$getResponseFunction$0(HandshakeResponse.java:30)
at org.openqa.selenium.remote.ProtocolHandshake.lambda$createSession$0(ProtocolHandshake.java:126)
at java.base/java.util.stream.ReferencePipeline$3$1.accept(ReferencePipeline.java:197)
at java.base/java.util.Spliterators$ArraySpliterator.tryAdvance(Spliterators.java:1034)
at java.base/java.util.stream.ReferencePipeline.forEachWithCancel(ReferencePipeline.java:129)
at java.base/java.util.stream.AbstractPipeline.copyIntoWithCancel(AbstractPipeline.java:527)
at java.base/java.util.stream.AbstractPipeline.copyInto(AbstractPipeline.java:513)
at java.base/java.util.stream.AbstractPipeline.wrapAndCopyInto(AbstractPipeline.java:499)
at java.base/java.util.stream.FindOps$FindOp.evaluateSequential(FindOps.java:150)
at java.base/java.util.stream.AbstractPipeline.evaluate(AbstractPipeline.java:234)
at java.base/java.util.stream.ReferencePipeline.findFirst(ReferencePipeline.java:647)
at org.openqa.selenium.remote.ProtocolHandshake.createSession(ProtocolHandshake.java:128)
at org.openqa.selenium.remote.ProtocolHandshake.createSession(ProtocolHandshake.java:74)
at org.openqa.selenium.remote.HttpCommandExecutor.execute(HttpCommandExecutor.java:136)
at org.openqa.selenium.remote.service.DriverCommandExecutor.execute(DriverCommandExecutor.java:83)
at org.openqa.selenium.remote.RemoteWebDriver.execute(RemoteWebDriver.java:552)
at org.openqa.selenium.remote.RemoteWebDriver.startSession(RemoteWebDriver.java:213)
at org.openqa.selenium.remote.RemoteWebDriver.<init>(RemoteWebDriver.java:131)
at org.openqa.selenium.chrome.ChromeDriver.<init>(ChromeDriver.java:181)
at org.openqa.selenium.chrome.ChromeDriver.<init>(ChromeDriver.java:168)
at org.openqa.selenium.chrome.ChromeDriver.<init>(ChromeDriver.java:123)
at testNG.TakeScreenshotOnFailure2.doLoagin(TakeScreenshotOnFailure2.java:21)
at java.base/java.util.ArrayList.forEach(ArrayList.java:1596)
... Removed 28 stack frames]]>
    </failure>
  </testcase> <!-- doLoagin -->
  <testcase classname="testNG.TestNG7" name="enterData" time="6.186">
    <failure type="java.lang.IllegalArgumentException" message="Keys to send should be a not null CharSequence">
      <![CDATA[java.lang.IllegalArgumentException: Keys to send should be a not null CharSequence
at org.openqa.selenium.remote.RemoteWebElement.sendKeys(RemoteWebElement.java:97)
at testNG.TestNG7.enterData(TestNG7.java:64)
at java.base/java.util.ArrayList.forEach(ArrayList.java:1596)
... Removed 25 stack frames]]>
    </failure>
  </testcase> <!-- enterData -->
  <testcase classname="testNG.TestNG7" name="enterData" time="6.207">
    <failure type="java.lang.IllegalArgumentException" message="Keys to send should be a not null CharSequence">
      <![CDATA[java.lang.IllegalArgumentException: Keys to send should be a not null CharSequence
at org.openqa.selenium.remote.RemoteWebElement.sendKeys(RemoteWebElement.java:97)
at testNG.TestNG7.enterData(TestNG7.java:64)
at java.base/java.util.ArrayList.forEach(ArrayList.java:1596)
... Removed 25 stack frames]]>
    </failure>
  </testcase> <!-- enterData -->
  <testcase classname="testNG.Assertion2" name="testCase2" time="0.0">
    <failure type="java.lang.AssertionError" message="expected [true] but found [false]">
      <![CDATA[java.lang.AssertionError: expected [true] but found [false]
at testNG.Assertion2.testCase2(Assertion2.java:26)
at java.base/java.util.ArrayList.forEach(ArrayList.java:1596)
... Removed 29 stack frames]]>
    </failure>
  </testcase> <!-- testCase2 -->
  <testcase classname="testNG.Assertion2" name="testcase3" time="0.0">
    <ignored/>
  </testcase> <!-- testcase3 -->
  <testcase classname="testNG.TestNG4" name="c" time="0.0">
    <ignored/>
  </testcase> <!-- c -->
  <testcase classname="testNG.TestNG4" name="b" time="0.0">
    <ignored/>
  </testcase> <!-- b -->
  <testcase classname="testNG.TestNG4" name="e" time="0.0">
    <ignored/>
  </testcase> <!-- e -->
  <testcase classname="testNG.TestNG4" name="d" time="0.0">
    <ignored/>
  </testcase> <!-- d -->
</testsuite> <!-- Test(failed) -->
