<?xml version="1.0" encoding="UTF-8"?>
<!-- Generated by org.testng.reporters.JUnitXMLReporter -->
<testsuite ignored="0" hostname="LAPTOP-DU0JBF3V" failures="0" tests="1" name="Test" time="0.06" errors="0" timestamp="14 Feb 2025 07:02:26 GMT">
  <testcase classname="testCases.BaseClass" name="@BeforeClass setUp" time="0.0">
    <failure type="org.testng.TestNGException" message="
Parameter &amp;apos;os&amp;apos; is required by BeforeClass on method setUp but has not been marked @Optional or defined
in C:\Users\SHUBHAM\shubham_Workspace\OpencartV121\testng.xml">
      <![CDATA[org.testng.TestNGException: 
Parameter 'os' is required by BeforeClass on method setUp but has not been marked @Optional or defined
in C:\Users\SHUBHAM\shubham_Workspace\OpencartV121\testng.xml
... Removed 23 stack frames]]>
    </failure>
  </testcase> <!-- @BeforeClass setUp -->
  <testcase classname="testCases.BaseClass" name="@AfterClass tearDown" time="0.0">
    <skipped/>
  </testcase> <!-- @AfterClass tearDown -->
  <testcase classname="testCases.TC003_AddToCart" name="verifyAddToCart_Functionality" time="0.0">
    <skipped/>
  </testcase> <!-- verifyAddToCart_Functionality -->
</testsuite> <!-- Test -->
